2018-12-03 11:47:05.720 INFO  com.chan.SpringBootLogApplication Line:50  - Starting SpringBootLogApplication on MoovPay with PID 15928 (D:\DOM\Demo\spring-boot-log\target\classes started by moovpay in D:\DOM\Demo\spring-boot-log)
2018-12-03 11:47:05.724 INFO  com.chan.SpringBootLogApplication Line:675 - No active profile set, falling back to default profiles: default
2018-12-03 11:47:06.565 INFO  org.springframework.boot.web.embedded.tomcat.TomcatWebServer Line:90  - Tomcat initialized with port(s): 8080 (http)
2018-12-03 11:47:06.583 INFO  org.apache.catalina.core.StandardService Line:173 - Starting service [Tomcat]
2018-12-03 11:47:06.584 INFO  org.apache.catalina.core.StandardEngine Line:173 - Starting Servlet Engine: Apache Tomcat/9.0.13
2018-12-03 11:47:06.597 INFO  org.apache.catalina.core.AprLifecycleListener Line:173 - The APR based Apache Tomcat Native library which allows optimal performance in production environments was not found on the java.library.path: [C:\Program Files\Java\jdk1.8.0_161\bin;C:\WINDOWS\Sun\Java\bin;C:\WINDOWS\system32;C:\WINDOWS;D:\Tool\apache-maven-3.6.0\bin;C:\ProgramData\Oracle\Java\javapath;C:\Program Files (x86)\Intel\iCLS Client\;C:\Program Files\Intel\iCLS Client\;C:\WINDOWS\system32;C:\WINDOWS;C:\WINDOWS\System32\Wbem;C:\WINDOWS\System32\WindowsPowerShell\v1.0\;C:\Program Files (x86)\Intel\Intel(R) Management Engine Components\DAL;C:\Program Files\Intel\Intel(R) Management Engine Components\DAL;C:\Program Files (x86)\Intel\Intel(R) Management Engine Components\IPT;C:\Program Files\Intel\Intel(R) Management Engine Components\IPT;C:\Program Files\Java\jdk1.8.0_161\bin;C:\Program Files\Java\jdk1.8.0_161\jre\bin;C:\Program Files\TortoiseSVN\bin;C:\Program Files\Git\cmd;C:\Program Files\TortoiseGit\bin;C:\Program Files\erl9.3\bin;C:\Program Files\Intel\WiFi\bin\;C:\Program Files\Common Files\Intel\WirelessCommon\;C:\Users\moovpay\AppData\Local\Microsoft\WindowsApps;;.]
2018-12-03 11:47:06.731 INFO  org.apache.catalina.core.ContainerBase.[Tomcat].[localhost].[/] Line:173 - Initializing Spring embedded WebApplicationContext
2018-12-03 11:47:06.731 INFO  org.springframework.web.context.ContextLoader Line:296 - Root WebApplicationContext: initialization completed in 962 ms
2018-12-03 11:47:06.906 INFO  org.springframework.scheduling.concurrent.ThreadPoolTaskExecutor Line:171 - Initializing ExecutorService 'applicationTaskExecutor'
2018-12-03 11:47:07.049 INFO  org.springframework.boot.web.embedded.tomcat.TomcatWebServer Line:204 - Tomcat started on port(s): 8080 (http) with context path ''
2018-12-03 11:47:07.054 INFO  com.chan.SpringBootLogApplication Line:59  - Started SpringBootLogApplication in 1.806 seconds (JVM running for 2.772)
2018-12-03 11:47:57.848 INFO  org.apache.catalina.core.ContainerBase.[Tomcat].[localhost].[/] Line:173 - Initializing Spring DispatcherServlet 'dispatcherServlet'
2018-12-03 11:47:57.850 INFO  org.springframework.web.servlet.DispatcherServlet Line:524 - Initializing Servlet 'dispatcherServlet'
2018-12-03 11:47:57.856 INFO  org.springframework.web.servlet.DispatcherServlet Line:546 - Completed initialization in 6 ms
2018-12-03 11:47:57.875 INFO  com.chan.controller.LombokController Line:17  - test1-info
2018-12-03 11:52:29.997 INFO  com.chan.SpringBootLogApplication Line:50  - Starting SpringBootLogApplication on MoovPay with PID 12112 (D:\DOM\Demo\spring-boot-log\target\classes started by moovpay in D:\DOM\Demo\spring-boot-log)
2018-12-03 11:52:30.001 INFO  com.chan.SpringBootLogApplication Line:675 - No active profile set, falling back to default profiles: default
2018-12-03 11:52:30.856 INFO  org.springframework.boot.web.embedded.tomcat.TomcatWebServer Line:90  - Tomcat initialized with port(s): 8080 (http)
2018-12-03 11:52:30.875 INFO  org.apache.catalina.core.StandardService Line:173 - Starting service [Tomcat]
2018-12-03 11:52:30.877 INFO  org.apache.catalina.core.StandardEngine Line:173 - Starting Servlet Engine: Apache Tomcat/9.0.13
2018-12-03 11:52:30.883 INFO  org.apache.catalina.core.AprLifecycleListener Line:173 - The APR based Apache Tomcat Native library which allows optimal performance in production environments was not found on the java.library.path: [C:\Program Files\Java\jdk1.8.0_161\bin;C:\WINDOWS\Sun\Java\bin;C:\WINDOWS\system32;C:\WINDOWS;D:\Tool\apache-maven-3.6.0\bin;C:\ProgramData\Oracle\Java\javapath;C:\Program Files (x86)\Intel\iCLS Client\;C:\Program Files\Intel\iCLS Client\;C:\WINDOWS\system32;C:\WINDOWS;C:\WINDOWS\System32\Wbem;C:\WINDOWS\System32\WindowsPowerShell\v1.0\;C:\Program Files (x86)\Intel\Intel(R) Management Engine Components\DAL;C:\Program Files\Intel\Intel(R) Management Engine Components\DAL;C:\Program Files (x86)\Intel\Intel(R) Management Engine Components\IPT;C:\Program Files\Intel\Intel(R) Management Engine Components\IPT;C:\Program Files\Java\jdk1.8.0_161\bin;C:\Program Files\Java\jdk1.8.0_161\jre\bin;C:\Program Files\TortoiseSVN\bin;C:\Program Files\Git\cmd;C:\Program Files\TortoiseGit\bin;C:\Program Files\erl9.3\bin;C:\Program Files\Intel\WiFi\bin\;C:\Program Files\Common Files\Intel\WirelessCommon\;C:\Users\moovpay\AppData\Local\Microsoft\WindowsApps;;.]
2018-12-03 11:52:31.012 INFO  org.apache.catalina.core.ContainerBase.[Tomcat].[localhost].[/] Line:173 - Initializing Spring embedded WebApplicationContext
2018-12-03 11:52:31.012 INFO  org.springframework.web.context.ContextLoader Line:296 - Root WebApplicationContext: initialization completed in 977 ms
2018-12-03 11:52:31.196 INFO  org.springframework.scheduling.concurrent.ThreadPoolTaskExecutor Line:171 - Initializing ExecutorService 'applicationTaskExecutor'
2018-12-03 11:52:31.337 INFO  org.springframework.boot.web.embedded.tomcat.TomcatWebServer Line:204 - Tomcat started on port(s): 8080 (http) with context path ''
2018-12-03 11:52:31.340 INFO  com.chan.SpringBootLogApplication Line:59  - Started SpringBootLogApplication in 1.854 seconds (JVM running for 2.885)
2018-12-03 11:53:22.769 INFO  org.apache.catalina.core.ContainerBase.[Tomcat].[localhost].[/] Line:173 - Initializing Spring DispatcherServlet 'dispatcherServlet'
2018-12-03 11:53:22.770 INFO  org.springframework.web.servlet.DispatcherServlet Line:524 - Initializing Servlet 'dispatcherServlet'
2018-12-03 11:53:22.775 INFO  org.springframework.web.servlet.DispatcherServlet Line:546 - Completed initialization in 4 ms
2018-12-03 11:53:22.793 INFO  com.chan.controller.LombokController Line:17  - test1-info
2018-12-03 11:55:39.690 INFO  com.chan.SpringBootLogApplication Line:50  - Starting SpringBootLogApplication on MoovPay with PID 11932 (D:\DOM\Demo\spring-boot-log\target\classes started by moovpay in D:\DOM\Demo\spring-boot-log)
2018-12-03 11:55:39.695 INFO  com.chan.SpringBootLogApplication Line:675 - No active profile set, falling back to default profiles: default
2018-12-03 11:55:40.518 INFO  org.springframework.boot.web.embedded.tomcat.TomcatWebServer Line:90  - Tomcat initialized with port(s): 8080 (http)
2018-12-03 11:55:40.536 INFO  org.apache.catalina.core.StandardService Line:173 - Starting service [Tomcat]
2018-12-03 11:55:40.538 INFO  org.apache.catalina.core.StandardEngine Line:173 - Starting Servlet Engine: Apache Tomcat/9.0.13
2018-12-03 11:55:40.545 INFO  org.apache.catalina.core.AprLifecycleListener Line:173 - The APR based Apache Tomcat Native library which allows optimal performance in production environments was not found on the java.library.path: [C:\Program Files\Java\jdk1.8.0_161\bin;C:\WINDOWS\Sun\Java\bin;C:\WINDOWS\system32;C:\WINDOWS;D:\Tool\apache-maven-3.6.0\bin;C:\ProgramData\Oracle\Java\javapath;C:\Program Files (x86)\Intel\iCLS Client\;C:\Program Files\Intel\iCLS Client\;C:\WINDOWS\system32;C:\WINDOWS;C:\WINDOWS\System32\Wbem;C:\WINDOWS\System32\WindowsPowerShell\v1.0\;C:\Program Files (x86)\Intel\Intel(R) Management Engine Components\DAL;C:\Program Files\Intel\Intel(R) Management Engine Components\DAL;C:\Program Files (x86)\Intel\Intel(R) Management Engine Components\IPT;C:\Program Files\Intel\Intel(R) Management Engine Components\IPT;C:\Program Files\Java\jdk1.8.0_161\bin;C:\Program Files\Java\jdk1.8.0_161\jre\bin;C:\Program Files\TortoiseSVN\bin;C:\Program Files\Git\cmd;C:\Program Files\TortoiseGit\bin;C:\Program Files\erl9.3\bin;C:\Program Files\Intel\WiFi\bin\;C:\Program Files\Common Files\Intel\WirelessCommon\;C:\Users\moovpay\AppData\Local\Microsoft\WindowsApps;;.]
2018-12-03 11:55:40.688 INFO  org.apache.catalina.core.ContainerBase.[Tomcat].[localhost].[/] Line:173 - Initializing Spring embedded WebApplicationContext
2018-12-03 11:55:40.688 INFO  org.springframework.web.context.ContextLoader Line:296 - Root WebApplicationContext: initialization completed in 951 ms
2018-12-03 11:55:40.875 INFO  org.springframework.scheduling.concurrent.ThreadPoolTaskExecutor Line:171 - Initializing ExecutorService 'applicationTaskExecutor'
2018-12-03 11:55:41.014 INFO  org.springframework.boot.web.embedded.tomcat.TomcatWebServer Line:204 - Tomcat started on port(s): 8080 (http) with context path ''
2018-12-03 11:55:41.016 INFO  com.chan.SpringBootLogApplication Line:59  - Started SpringBootLogApplication in 1.843 seconds (JVM running for 2.892)
2018-12-03 11:55:47.291 INFO  org.apache.catalina.core.ContainerBase.[Tomcat].[localhost].[/] Line:173 - Initializing Spring DispatcherServlet 'dispatcherServlet'
2018-12-03 11:55:47.293 INFO  org.springframework.web.servlet.DispatcherServlet Line:524 - Initializing Servlet 'dispatcherServlet'
2018-12-03 11:55:47.298 INFO  org.springframework.web.servlet.DispatcherServlet Line:546 - Completed initialization in 5 ms
2018-12-03 11:56:17.262 INFO  com.chan.SpringBootLogApplication Line:50  - Starting SpringBootLogApplication on MoovPay with PID 3404 (D:\DOM\Demo\spring-boot-log\target\classes started by moovpay in D:\DOM\Demo\spring-boot-log)
2018-12-03 11:56:17.268 INFO  com.chan.SpringBootLogApplication Line:675 - No active profile set, falling back to default profiles: default
2018-12-03 11:56:18.100 INFO  org.springframework.boot.web.embedded.tomcat.TomcatWebServer Line:90  - Tomcat initialized with port(s): 8080 (http)
2018-12-03 11:56:18.118 INFO  org.apache.catalina.core.StandardService Line:173 - Starting service [Tomcat]
2018-12-03 11:56:18.120 INFO  org.apache.catalina.core.StandardEngine Line:173 - Starting Servlet Engine: Apache Tomcat/9.0.13
2018-12-03 11:56:18.126 INFO  org.apache.catalina.core.AprLifecycleListener Line:173 - The APR based Apache Tomcat Native library which allows optimal performance in production environments was not found on the java.library.path: [C:\Program Files\Java\jdk1.8.0_161\bin;C:\WINDOWS\Sun\Java\bin;C:\WINDOWS\system32;C:\WINDOWS;D:\Tool\apache-maven-3.6.0\bin;C:\ProgramData\Oracle\Java\javapath;C:\Program Files (x86)\Intel\iCLS Client\;C:\Program Files\Intel\iCLS Client\;C:\WINDOWS\system32;C:\WINDOWS;C:\WINDOWS\System32\Wbem;C:\WINDOWS\System32\WindowsPowerShell\v1.0\;C:\Program Files (x86)\Intel\Intel(R) Management Engine Components\DAL;C:\Program Files\Intel\Intel(R) Management Engine Components\DAL;C:\Program Files (x86)\Intel\Intel(R) Management Engine Components\IPT;C:\Program Files\Intel\Intel(R) Management Engine Components\IPT;C:\Program Files\Java\jdk1.8.0_161\bin;C:\Program Files\Java\jdk1.8.0_161\jre\bin;C:\Program Files\TortoiseSVN\bin;C:\Program Files\Git\cmd;C:\Program Files\TortoiseGit\bin;C:\Program Files\erl9.3\bin;C:\Program Files\Intel\WiFi\bin\;C:\Program Files\Common Files\Intel\WirelessCommon\;C:\Users\moovpay\AppData\Local\Microsoft\WindowsApps;;.]
2018-12-03 11:56:18.252 INFO  org.apache.catalina.core.ContainerBase.[Tomcat].[localhost].[/] Line:173 - Initializing Spring embedded WebApplicationContext
2018-12-03 11:56:18.253 INFO  org.springframework.web.context.ContextLoader Line:296 - Root WebApplicationContext: initialization completed in 954 ms
2018-12-03 11:56:18.433 INFO  org.springframework.scheduling.concurrent.ThreadPoolTaskExecutor Line:171 - Initializing ExecutorService 'applicationTaskExecutor'
2018-12-03 11:56:18.579 INFO  org.springframework.boot.web.embedded.tomcat.TomcatWebServer Line:204 - Tomcat started on port(s): 8080 (http) with context path ''
2018-12-03 11:56:18.582 INFO  com.chan.SpringBootLogApplication Line:59  - Started SpringBootLogApplication in 1.785 seconds (JVM running for 2.756)
2018-12-03 11:56:22.051 INFO  org.apache.catalina.core.ContainerBase.[Tomcat].[localhost].[/] Line:173 - Initializing Spring DispatcherServlet 'dispatcherServlet'
2018-12-03 11:56:22.052 INFO  org.springframework.web.servlet.DispatcherServlet Line:524 - Initializing Servlet 'dispatcherServlet'
2018-12-03 11:56:22.058 INFO  org.springframework.web.servlet.DispatcherServlet Line:546 - Completed initialization in 5 ms
2018-12-03 11:56:58.280 INFO  com.chan.SpringBootLogApplication Line:50  - Starting SpringBootLogApplication on MoovPay with PID 13416 (D:\DOM\Demo\spring-boot-log\target\classes started by moovpay in D:\DOM\Demo\spring-boot-log)
2018-12-03 11:56:58.285 INFO  com.chan.SpringBootLogApplication Line:675 - No active profile set, falling back to default profiles: default
2018-12-03 11:56:59.130 INFO  org.springframework.boot.web.embedded.tomcat.TomcatWebServer Line:90  - Tomcat initialized with port(s): 8080 (http)
2018-12-03 11:56:59.147 INFO  org.apache.catalina.core.StandardService Line:173 - Starting service [Tomcat]
2018-12-03 11:56:59.149 INFO  org.apache.catalina.core.StandardEngine Line:173 - Starting Servlet Engine: Apache Tomcat/9.0.13
2018-12-03 11:56:59.155 INFO  org.apache.catalina.core.AprLifecycleListener Line:173 - The APR based Apache Tomcat Native library which allows optimal performance in production environments was not found on the java.library.path: [C:\Program Files\Java\jdk1.8.0_161\bin;C:\WINDOWS\Sun\Java\bin;C:\WINDOWS\system32;C:\WINDOWS;D:\Tool\apache-maven-3.6.0\bin;C:\ProgramData\Oracle\Java\javapath;C:\Program Files (x86)\Intel\iCLS Client\;C:\Program Files\Intel\iCLS Client\;C:\WINDOWS\system32;C:\WINDOWS;C:\WINDOWS\System32\Wbem;C:\WINDOWS\System32\WindowsPowerShell\v1.0\;C:\Program Files (x86)\Intel\Intel(R) Management Engine Components\DAL;C:\Program Files\Intel\Intel(R) Management Engine Components\DAL;C:\Program Files (x86)\Intel\Intel(R) Management Engine Components\IPT;C:\Program Files\Intel\Intel(R) Management Engine Components\IPT;C:\Program Files\Java\jdk1.8.0_161\bin;C:\Program Files\Java\jdk1.8.0_161\jre\bin;C:\Program Files\TortoiseSVN\bin;C:\Program Files\Git\cmd;C:\Program Files\TortoiseGit\bin;C:\Program Files\erl9.3\bin;C:\Program Files\Intel\WiFi\bin\;C:\Program Files\Common Files\Intel\WirelessCommon\;C:\Users\moovpay\AppData\Local\Microsoft\WindowsApps;;.]
2018-12-03 11:56:59.284 INFO  org.apache.catalina.core.ContainerBase.[Tomcat].[localhost].[/] Line:173 - Initializing Spring embedded WebApplicationContext
2018-12-03 11:56:59.284 INFO  org.springframework.web.context.ContextLoader Line:296 - Root WebApplicationContext: initialization completed in 965 ms
2018-12-03 11:56:59.467 INFO  org.springframework.scheduling.concurrent.ThreadPoolTaskExecutor Line:171 - Initializing ExecutorService 'applicationTaskExecutor'
2018-12-03 11:56:59.617 INFO  org.springframework.boot.web.embedded.tomcat.TomcatWebServer Line:204 - Tomcat started on port(s): 8080 (http) with context path ''
2018-12-03 11:56:59.620 INFO  com.chan.SpringBootLogApplication Line:59  - Started SpringBootLogApplication in 1.801 seconds (JVM running for 2.839)
2018-12-03 11:57:36.916 INFO  org.apache.catalina.core.ContainerBase.[Tomcat].[localhost].[/] Line:173 - Initializing Spring DispatcherServlet 'dispatcherServlet'
2018-12-03 11:57:36.918 INFO  org.springframework.web.servlet.DispatcherServlet Line:524 - Initializing Servlet 'dispatcherServlet'
2018-12-03 11:57:36.922 INFO  org.springframework.web.servlet.DispatcherServlet Line:546 - Completed initialization in 4 ms
